<?xml version="1.0" encoding="UTF-8"?>
<!-- Generated by org.testng.reporters.JUnitXMLReporter -->
<testsuite hostname="C02G917TMD6R" ignored="8" name="safari test" tests="1" failures="0" timestamp="2022-12-15T16:36:18 IST" time="21.21" errors="0">
  <testcase name="brokenImages" time="9.802" classname="com.microcare.testng.auto.Login"/>
  <testcase name="checkLogin" time="0.0" classname="com.microcare.testng.auto.Login">
    <ignored/>
  </testcase> <!-- checkLogin -->
  <testcase name="method3" time="0.0" classname="com.microcare.testng.auto.FirstTestNG">
    <ignored/>
  </testcase> <!-- method3 -->
  <testcase name="@AfterTest tearDown" time="0.0" classname="com.microcare.testng.common.Common">
    <ignored/>
  </testcase> <!-- @AfterTest tearDown -->
  <testcase name="method2" time="0.0" classname="com.microcare.testng.auto.SecondTest">
    <ignored/>
  </testcase> <!-- method2 -->
  <testcase name="method1" time="0.0" classname="com.microcare.testng.auto.FirstTestNG">
    <ignored/>
  </testcase> <!-- method1 -->
  <testcase name="@AfterTest tearDown" time="0.0" classname="com.microcare.testng.common.Common">
    <ignored/>
  </testcase> <!-- @AfterTest tearDown -->
  <testcase name="@BeforeTest setup" time="0.0" classname="com.microcare.testng.common.Common">
    <ignored/>
  </testcase> <!-- @BeforeTest setup -->
  <testcase name="@BeforeTest setup" time="0.0" classname="com.microcare.testng.common.Common">
    <ignored/>
  </testcase> <!-- @BeforeTest setup -->
</testsuite> <!-- safari test -->
